<?xml version="1.0" encoding="UTF-8"?>
<testng-results ignored="0" total="1" passed="1" failed="0" skipped="0">
  <reporter-output>
  </reporter-output>
  <suite started-at="2024-04-29T10:38:43 IST" name="Default suite" finished-at="2024-04-29T10:39:04 IST" duration-ms="21097">
    <groups>
    </groups>
    <test started-at="2024-04-29T10:38:43 IST" name="Default test" finished-at="2024-04-29T10:39:04 IST" duration-ms="21097">
      <class name="BuyProduct.LaptoPurchaseScript">
        <test-method is-config="true" signature="openbrowser()[pri:0, instance:BuyProduct.LaptoPurchaseScript@7b4c50bc]" started-at="2024-04-29T10:38:43 IST" name="openbrowser" finished-at="2024-04-29T10:38:53 IST" duration-ms="9568" status="PASS">
          <reporter-output>
          </reporter-output>
        </test-method> <!-- openbrowser -->
        <test-method signature="login()[pri:0, instance:BuyProduct.LaptoPurchaseScript@7b4c50bc]" started-at="2024-04-29T10:38:53 IST" name="login" finished-at="2024-04-29T10:39:04 IST" duration-ms="10825" status="PASS">
          <reporter-output>
          </reporter-output>
        </test-method> <!-- login -->
        <test-method is-config="true" signature="closebrowser()[pri:0, instance:BuyProduct.LaptoPurchaseScript@7b4c50bc]" started-at="2024-04-29T10:39:04 IST" name="closebrowser" finished-at="2024-04-29T10:39:04 IST" duration-ms="529" status="PASS">
          <reporter-output>
          </reporter-output>
        </test-method> <!-- closebrowser -->
      </class> <!-- BuyProduct.LaptoPurchaseScript -->
    </test> <!-- Default test -->
  </suite> <!-- Default suite -->
</testng-results>
